#################################################################################
jue dic  2 14:04:37 -03 2021 INICIA PROGRAMA DE CONSULTA Y TRANSFERENCIA DE DATOS - MENU DISPONIBLE PARA OPERAR
---------------------------------------------------------------------------------
jue dic  2 14:04:37 -03 2021 Inicio de logeo de notificaciones y errores...
#################################################################################
mié 11 oct 2023 21:59:47 -03 INICIA PROGRAMA DE CONSULTA Y TRANSFERENCIA DE DATOS - MENU DISPONIBLE PARA OPERAR
---------------------------------------------------------------------------------
mié 11 oct 2023 21:59:47 -03 Inicio de logeo de notificaciones y errores...
#################################################################################
jue 12 oct 2023 11:07:33 -03 INICIA PROGRAMA DE CONSULTA Y TRANSFERENCIA DE DATOS - MENU DISPONIBLE PARA OPERAR
---------------------------------------------------------------------------------
jue 12 oct 2023 11:07:33 -03 Inicio de logeo de notificaciones y errores...
#################################################################################
jue 12 oct 2023 11:17:13 -03 INICIA PROGRAMA DE CONSULTA Y TRANSFERENCIA DE DATOS - MENU DISPONIBLE PARA OPERAR
---------------------------------------------------------------------------------
jue 12 oct 2023 11:17:13 -03 Inicio de logeo de notificaciones y errores...
#################################################################################
jue 12 oct 2023 11:23:40 -03 INICIA PROGRAMA DE CONSULTA Y TRANSFERENCIA DE DATOS - MENU DISPONIBLE PARA OPERAR
---------------------------------------------------------------------------------
jue 12 oct 2023 11:23:40 -03 Inicio de logeo de notificaciones y errores...
#################################################################################
jue 12 oct 2023 16:15:35 -03 INICIA PROGRAMA DE CONSULTA Y TRANSFERENCIA DE DATOS - MENU DISPONIBLE PARA OPERAR
---------------------------------------------------------------------------------
jue 12 oct 2023 16:15:35 -03 Inicio de logeo de notificaciones y errores...
#################################################################################
jue 12 oct 2023 16:57:52 -03 INICIA PROGRAMA DE CONSULTA Y TRANSFERENCIA DE DATOS - MENU DISPONIBLE PARA OPERAR
---------------------------------------------------------------------------------
jue 12 oct 2023 16:57:52 -03 Inicio de logeo de notificaciones y errores...
